
[02:51:39, 21.09.2020] | [vk] >> Premium Started
[02:51:39, 21.09.2020] | [vk] >> Creator Started
[02:51:40, 21.09.2020] | [vk] >> VK Started
[02:57:59, 21.09.2020] | [vk] >> Creator Started
[02:57:59, 21.09.2020] | [vk] >> Premium Started
[02:57:59, 21.09.2020] | [vk] >> VK Started
[02:58:42, 21.09.2020] | [vk] >> Creator Started
[02:58:42, 21.09.2020] | [vk] >> Premium Started
[02:58:42, 21.09.2020] | [vk] >> VK Started
[03:00:11, 21.09.2020] | [vk] >> Creator Started
[03:00:11, 21.09.2020] | [vk] >> VK Started
[03:00:11, 21.09.2020] | [vk] >> Premium Started
[03:01:08, 21.09.2020] | [vk] >> Creator Started
[03:01:08, 21.09.2020] | [vk] >> Premium Started
[03:01:08, 21.09.2020] | [vk] >> VK Started
[03:01:15, 21.09.2020] | [vk] >> Creator Started
[03:01:15, 21.09.2020] | [vk] >> Premium Started
[03:01:15, 21.09.2020] | [vk] >> VK Started
[03:01:20, 21.09.2020] | [vk] >> Creator Started
[03:01:20, 21.09.2020] | [vk] >> Premium Started
[03:01:20, 21.09.2020] | [vk] >> VK Started
[03:01:32, 21.09.2020] | [vk] >> Creator Started
[03:01:32, 21.09.2020] | [vk] >> Premium Started
[03:01:32, 21.09.2020] | [vk] >> VK Started
[03:01:42, 21.09.2020] | [vk] >> Creator Started
[03:01:42, 21.09.2020] | [vk] >> Premium Started
[03:01:42, 21.09.2020] | [vk] >> VK Started
[03:01:47, 21.09.2020] | [vk] >> Creator Started
[03:01:47, 21.09.2020] | [vk] >> Premium Started
[03:01:47, 21.09.2020] | [vk] >> VK Started
[03:01:55, 21.09.2020] | [vk] >> Creator Started
[03:01:55, 21.09.2020] | [vk] >> Premium Started
[03:01:55, 21.09.2020] | [vk] >> VK Started
[03:02:00, 21.09.2020] | [vk] >> Creator Started
[03:02:00, 21.09.2020] | [vk] >> Premium Started
[03:02:00, 21.09.2020] | [vk] >> VK Started
[03:02:05, 21.09.2020] | [vk] >> Creator Started
[03:02:05, 21.09.2020] | [vk] >> Premium Started
[03:02:05, 21.09.2020] | [vk] >> VK Started
[03:02:09, 21.09.2020] | [vk] >> Creator Started
[03:02:09, 21.09.2020] | [vk] >> Premium Started
[03:02:09, 21.09.2020] | [vk] >> VK Started
[03:02:13, 21.09.2020] | [vk] >> Creator Started
[03:02:13, 21.09.2020] | [vk] >> Premium Started
[03:02:13, 21.09.2020] | [vk] >> VK Started
[03:02:17, 21.09.2020] | [vk] >> Premium Started
[03:02:17, 21.09.2020] | [vk] >> Creator Started
[03:02:18, 21.09.2020] | [vk] >> VK Started
[03:02:31, 21.09.2020] | [vk] >> Premium Started
[03:02:31, 21.09.2020] | [vk] >> Creator Started
[03:02:32, 21.09.2020] | [vk] >> VK Started
[03:02:49, 21.09.2020] | [vk] >> Creator Started
[03:02:49, 21.09.2020] | [vk] >> Premium Started
[03:02:49, 21.09.2020] | [vk] >> VK Started
[03:02:53, 21.09.2020] | [vk] >> Creator Started
[03:02:53, 21.09.2020] | [vk] >> Premium Started
[03:02:53, 21.09.2020] | [vk] >> VK Started
[03:03:08, 21.09.2020] | [vk] >> Creator Started
[03:03:08, 21.09.2020] | [vk] >> Premium Started
[03:03:08, 21.09.2020] | [vk] >> VK Started
[03:03:55, 21.09.2020] | [vk] >> Creator Started
[03:03:55, 21.09.2020] | [vk] >> Premium Started
[03:03:55, 21.09.2020] | [vk] >> VK Started
[03:04:09, 21.09.2020] | [vk] >> Creator Started
[03:04:09, 21.09.2020] | [vk] >> Premium Started
[03:04:09, 21.09.2020] | [vk] >> VK Started
[03:05:54, 21.09.2020] | [vk] >> Creator Started
[03:05:54, 21.09.2020] | [vk] >> VK Started
[03:05:54, 21.09.2020] | [vk] >> Premium Started
[03:06:05, 21.09.2020] | [vk] >> Creator Started
[03:06:05, 21.09.2020] | [vk] >> Premium Started
[03:06:05, 21.09.2020] | [vk] >> VK Started
[03:07:49, 21.09.2020] | [vk] >> Creator Started
[03:07:49, 21.09.2020] | [vk] >> VK Started
[03:07:50, 21.09.2020] | [vk] >> Premium Started
[03:08:08, 21.09.2020] | [vk] >> Creator Started
[03:08:08, 21.09.2020] | [vk] >> Premium Started
[03:08:08, 21.09.2020] | [vk] >> VK Started
[03:08:11, 21.09.2020] | [vk] >> Creator Started
[03:08:11, 21.09.2020] | [vk] >> Premium Started
[03:08:11, 21.09.2020] | [vk] >> VK Started
[03:09:39, 21.09.2020] | [vk] >> Creator Started
[03:09:39, 21.09.2020] | [vk] >> Premium Started
[03:09:39, 21.09.2020] | [vk] >> VK Started
[03:10:43, 21.09.2020] | [vk] >> Creator Started
[03:10:43, 21.09.2020] | [vk] >> Premium Started
[03:10:43, 21.09.2020] | [vk] >> VK Started
[03:10:45, 21.09.2020] | [vk] >> Creator Started
[03:10:45, 21.09.2020] | [vk] >> Premium Started
[03:10:45, 21.09.2020] | [vk] >> VK Started
[03:10:51, 21.09.2020] | [vk] >> Creator Started
[03:10:51, 21.09.2020] | [vk] >> Premium Started
[03:10:51, 21.09.2020] | [vk] >> VK Started
[03:13:07, 21.09.2020] | [vk] >> Creator Started
[03:13:07, 21.09.2020] | [vk] >> VK Started
[03:13:07, 21.09.2020] | [vk] >> Premium Started
[03:13:24, 21.09.2020] | [vk] >> Creator Started
[03:13:24, 21.09.2020] | [vk] >> Premium Started
[03:13:24, 21.09.2020] | [vk] >> VK Started
[03:15:01, 21.09.2020] | [vk] >> Creator Started
[03:15:01, 21.09.2020] | [vk] >> Premium Started
[03:15:01, 21.09.2020] | [vk] >> VK Started
[03:17:32, 21.09.2020] | [vk] >> Creator Started
[03:17:32, 21.09.2020] | [vk] >> Premium Started
[03:17:32, 21.09.2020] | [vk] >> VK Started
[03:18:34, 21.09.2020] | [vk] >> Creator Started
[03:18:34, 21.09.2020] | [vk] >> VK Started
[03:18:34, 21.09.2020] | [vk] >> Premium Started
[03:20:04, 21.09.2020] | [vk] >> Creator Started
[03:20:04, 21.09.2020] | [vk] >> Premium Started
[03:20:04, 21.09.2020] | [vk] >> VK Started
[03:21:36, 21.09.2020] | [vk] >> Creator Started
[03:21:36, 21.09.2020] | [vk] >> Premium Started
[03:21:36, 21.09.2020] | [vk] >> VK Started
[03:22:10, 21.09.2020] | [vk] >> Creator Started
[03:22:10, 21.09.2020] | [vk] >> VK Started
[03:22:10, 21.09.2020] | [vk] >> Premium Started
[03:22:50, 21.09.2020] | [vk] >> Premium Started
[03:22:50, 21.09.2020] | [vk] >> Creator Started
[03:22:50, 21.09.2020] | [vk] >> VK Started
[03:23:24, 21.09.2020] | [vk] >> Creator Started
[03:23:24, 21.09.2020] | [vk] >> Premium Started
[03:23:24, 21.09.2020] | [vk] >> VK Started
[03:28:07, 21.09.2020] | [vk] >> Creator Started
[03:28:07, 21.09.2020] | [vk] >> Premium Started
[03:28:07, 21.09.2020] | [vk] >> VK Started
[03:29:10, 21.09.2020] | [vk] >> Creator Started
[03:29:10, 21.09.2020] | [vk] >> Premium Started
[03:29:10, 21.09.2020] | [vk] >> VK Started
[03:29:43, 21.09.2020] | [vk] >> Creator Started
[03:29:43, 21.09.2020] | [vk] >> VK Started
[03:29:43, 21.09.2020] | [vk] >> Premium Started
[03:31:06, 21.09.2020] | [vk] >> Premium Started
[03:31:06, 21.09.2020] | [vk] >> Creator Started
[03:31:06, 21.09.2020] | [vk] >> VK Started
[03:31:45, 21.09.2020] | [vk] >> Premium Started
[03:31:45, 21.09.2020] | [vk] >> Creator Started
[03:31:45, 21.09.2020] | [vk] >> VK Started
[03:32:09, 21.09.2020] | [vk] >> Creator Started
[03:32:09, 21.09.2020] | [vk] >> Premium Started
[03:32:09, 21.09.2020] | [vk] >> VK Started
[03:34:27, 21.09.2020] | [vk] >> Creator Started
[03:34:27, 21.09.2020] | [vk] >> Premium Started
[03:34:27, 21.09.2020] | [vk] >> VK Started
[03:38:01, 21.09.2020] | [vk] >> Creator Started
[03:38:01, 21.09.2020] | [vk] >> VK Started
[03:38:01, 21.09.2020] | [vk] >> Premium Started
[03:39:36, 21.09.2020] | [vk] >> Premium Started
[03:39:36, 21.09.2020] | [vk] >> Creator Started
[03:39:36, 21.09.2020] | [vk] >> VK Started
[03:40:30, 21.09.2020] | [vk] >> Creator Started
[03:40:30, 21.09.2020] | [vk] >> Premium Started
[03:40:30, 21.09.2020] | [vk] >> VK Started
[03:43:03, 21.09.2020] | [vk] >> Creator Started
[03:43:03, 21.09.2020] | [vk] >> Premium Started
[03:43:03, 21.09.2020] | [vk] >> VK Started
[03:44:24, 21.09.2020] | [vk] >> Creator Started
[03:44:24, 21.09.2020] | [vk] >> VK Started
[03:44:24, 21.09.2020] | [vk] >> Premium Started
[03:44:41, 21.09.2020] | [vk] >> Premium Started
[03:44:41, 21.09.2020] | [vk] >> Creator Started
[03:44:41, 21.09.2020] | [vk] >> VK Started
[03:44:57, 21.09.2020] | [vk] >> Creator Started
[03:44:57, 21.09.2020] | [vk] >> Premium Started
[03:44:57, 21.09.2020] | [vk] >> VK Started
[03:44:59, 21.09.2020] | [vk] >> Creator Started
[03:44:59, 21.09.2020] | [vk] >> Premium Started
[03:44:59, 21.09.2020] | [vk] >> VK Started
[03:45:55, 21.09.2020] | [vk] >> Creator Started
[03:45:55, 21.09.2020] | [vk] >> Premium Started
[03:45:55, 21.09.2020] | [vk] >> VK Started
[03:46:48, 21.09.2020] | [vk] >> Creator Started
[03:46:48, 21.09.2020] | [vk] >> Premium Started
[03:46:48, 21.09.2020] | [vk] >> VK Started
[03:48:44, 21.09.2020] | [vk] >> Creator Started
[03:48:44, 21.09.2020] | [vk] >> VK Started
[03:48:44, 21.09.2020] | [vk] >> Premium Started
[03:49:10, 21.09.2020] | [vk] >> Creator Started
[03:49:10, 21.09.2020] | [vk] >> VK Started
[03:49:10, 21.09.2020] | [vk] >> Premium Started
[03:49:43, 21.09.2020] | [vk] >> Creator Started
[03:49:43, 21.09.2020] | [vk] >> Premium Started
[03:49:43, 21.09.2020] | [vk] >> VK Started
[03:51:32, 21.09.2020] | [vk] >> Creator Started
[03:51:32, 21.09.2020] | [vk] >> Premium Started
[03:51:32, 21.09.2020] | [vk] >> VK Started
[03:52:15, 21.09.2020] | [vk] >> Creator Started
[03:52:15, 21.09.2020] | [vk] >> Premium Started
[03:52:15, 21.09.2020] | [vk] >> VK Started
[03:55:00, 21.09.2020] | [vk] >> Premium Started
[03:55:00, 21.09.2020] | [vk] >> Creator Started
[03:55:00, 21.09.2020] | [vk] >> VK Started
[03:55:27, 21.09.2020] | [vk] >> Creator Started
[03:55:27, 21.09.2020] | [vk] >> Premium Started
[03:55:27, 21.09.2020] | [vk] >> VK Started
[03:55:47, 21.09.2020] | [vk] >> Creator Started
[03:55:47, 21.09.2020] | [vk] >> Premium Started
[03:55:47, 21.09.2020] | [vk] >> VK Started
[03:56:37, 21.09.2020] | [vk] >> Creator Started
[03:56:37, 21.09.2020] | [vk] >> Premium Started
[03:56:37, 21.09.2020] | [vk] >> VK Started
[03:58:33, 21.09.2020] | [vk] >> Premium Started
[03:58:33, 21.09.2020] | [vk] >> Creator Started
[03:58:33, 21.09.2020] | [vk] >> VK Started
[03:59:03, 21.09.2020] | [vk] >> Creator Started
[03:59:03, 21.09.2020] | [vk] >> Premium Started
[03:59:03, 21.09.2020] | [vk] >> VK Started
[03:59:51, 21.09.2020] | [vk] >> Creator Started
[03:59:51, 21.09.2020] | [vk] >> Premium Started
[03:59:51, 21.09.2020] | [vk] >> VK Started
[04:02:13, 21.09.2020] | [vk] >> Creator Started
[04:02:13, 21.09.2020] | [vk] >> Premium Started
[04:02:13, 21.09.2020] | [vk] >> VK Started
[04:02:28, 21.09.2020] | [vk] >> Creator Started
[04:02:28, 21.09.2020] | [vk] >> Premium Started
[04:02:28, 21.09.2020] | [vk] >> VK Started
[04:02:49, 21.09.2020] | [vk] >> Creator Started
[04:02:49, 21.09.2020] | [vk] >> Premium Started
[04:02:49, 21.09.2020] | [vk] >> VK Started
[04:03:14, 21.09.2020] | [vk] >> Premium Started
[04:03:14, 21.09.2020] | [vk] >> VK Started
[04:03:14, 21.09.2020] | [vk] >> Creator Started
[04:03:30, 21.09.2020] | [vk] >> Creator Started
[04:03:30, 21.09.2020] | [vk] >> Premium Started
[04:03:30, 21.09.2020] | [vk] >> VK Started
[04:03:58, 21.09.2020] | [vk] >> Premium Started
[04:03:58, 21.09.2020] | [vk] >> Creator Started
[04:03:58, 21.09.2020] | [vk] >> VK Started
[04:04:22, 21.09.2020] | [vk] >> Creator Started
[04:04:22, 21.09.2020] | [vk] >> Premium Started
[04:04:22, 21.09.2020] | [vk] >> VK Started
[04:05:44, 21.09.2020] | [vk] >> Creator Started
[04:05:44, 21.09.2020] | [vk] >> Premium Started
[04:05:44, 21.09.2020] | [vk] >> VK Started
[04:06:54, 21.09.2020] | [vk] >> Premium Started
[04:06:54, 21.09.2020] | [vk] >> Creator Started
[04:06:54, 21.09.2020] | [vk] >> VK Started
[04:10:29, 21.09.2020] | [vk] >> Creator Started
[04:10:29, 21.09.2020] | [vk] >> Premium Started
[04:10:29, 21.09.2020] | [vk] >> VK Started
[04:11:04, 21.09.2020] | [vk] >> Creator Started
[04:11:04, 21.09.2020] | [vk] >> Premium Started
[04:11:04, 21.09.2020] | [vk] >> VK Started
[04:11:21, 21.09.2020] | [vk] >> Creator Started
[04:11:21, 21.09.2020] | [vk] >> Premium Started
[04:11:21, 21.09.2020] | [vk] >> VK Started
[04:11:46, 21.09.2020] | [vk] >> Creator Started
[04:11:46, 21.09.2020] | [vk] >> Premium Started
[04:11:46, 21.09.2020] | [vk] >> VK Started
[04:13:42, 21.09.2020] | [vk] >> Creator Started
[04:13:42, 21.09.2020] | [vk] >> Premium Started
[04:13:42, 21.09.2020] | [vk] >> VK Started
[04:14:24, 21.09.2020] | [vk] >> Creator Started
[04:14:24, 21.09.2020] | [vk] >> Premium Started
[04:14:24, 21.09.2020] | [vk] >> VK Started
[04:14:54, 21.09.2020] | [vk] >> Creator Started
[04:14:54, 21.09.2020] | [vk] >> Premium Started
[04:14:54, 21.09.2020] | [vk] >> VK Started
[04:18:07, 21.09.2020] | [vk] >> Kick from group >> 513422705
[04:18:32, 21.09.2020] | [vk] >> Creator Started
[04:18:32, 21.09.2020] | [vk] >> Premium Started
[04:18:32, 21.09.2020] | [vk] >> VK Started
[05:18:32, 21.09.2020] | [vk] >> Напоминание о подписке отправлено в беседу
[07:44:43, 21.09.2020] | [vk] >> Creator Started
[07:44:43, 21.09.2020] | [vk] >> VK Started
[07:44:43, 21.09.2020] | [vk] >> Premium Started
[08:44:43, 21.09.2020] | [vk] >> Напоминание о подписке отправлено в беседу
[09:44:43, 21.09.2020] | [vk] >> Напоминание о подписке отправлено в беседу
[10:44:43, 21.09.2020] | [vk] >> Напоминание о подписке отправлено в беседу
[11:44:43, 21.09.2020] | [vk] >> Напоминание о подписке отправлено в беседу
[12:44:43, 21.09.2020] | [vk] >> Напоминание о подписке отправлено в беседу
[13:44:43, 21.09.2020] | [vk] >> Напоминание о подписке отправлено в беседу
[14:44:43, 21.09.2020] | [vk] >> Напоминание о подписке отправлено в беседу
[15:44:43, 21.09.2020] | [vk] >> Напоминание о подписке отправлено в беседу
[16:44:43, 21.09.2020] | [vk] >> Напоминание о подписке отправлено в беседу
[17:44:43, 21.09.2020] | [vk] >> Напоминание о подписке отправлено в беседу
[18:44:43, 21.09.2020] | [vk] >> Напоминание о подписке отправлено в беседу
[19:44:43, 21.09.2020] | [vk] >> Напоминание о подписке отправлено в беседу
[20:44:43, 21.09.2020] | [vk] >> Напоминание о подписке отправлено в беседу
[21:44:43, 21.09.2020] | [vk] >> Напоминание о подписке отправлено в беседу
[22:44:43, 21.09.2020] | [vk] >> Напоминание о подписке отправлено в беседу
[22:54:14, 21.09.2020] | [vk] >> Creator Started
[22:54:14, 21.09.2020] | [vk] >> VK Started
[22:54:14, 21.09.2020] | [vk] >> Premium Started
[23:01:13, 21.09.2020] | [vk] >> Premium Started
[23:01:13, 21.09.2020] | [vk] >> Creator Started
[23:01:13, 21.09.2020] | [vk] >> VK Started
[23:01:33, 21.09.2020] | [vk] >> Premium Started
[23:01:33, 21.09.2020] | [vk] >> Creator Started
[23:01:33, 21.09.2020] | [vk] >> VK Started
[23:02:57, 21.09.2020] | [vk] >> Premium Started
[23:02:57, 21.09.2020] | [vk] >> Creator Started
[23:02:57, 21.09.2020] | [vk] >> VK Started
[23:03:40, 21.09.2020] | [vk] >> Premium Started
[23:03:40, 21.09.2020] | [vk] >> VK Started
[23:03:40, 21.09.2020] | [vk] >> Creator Started
[23:06:11, 21.09.2020] | [vk] >> Premium Started
[23:06:11, 21.09.2020] | [vk] >> VK Started
[23:06:11, 21.09.2020] | [vk] >> Creator Started
[23:06:56, 21.09.2020] | [vk] >> VK Started
[23:06:56, 21.09.2020] | [vk] >> Creator Started
[23:06:56, 21.09.2020] | [vk] >> Premium Started
[23:09:35, 21.09.2020] | [vk] >> Creator Started
[23:09:35, 21.09.2020] | [vk] >> Premium Started
[23:09:35, 21.09.2020] | [vk] >> VK Started
[23:13:24, 21.09.2020] | [vk] >> Creator Started
[23:13:24, 21.09.2020] | [vk] >> Premium Started
[23:13:24, 21.09.2020] | [vk] >> VK Started
[23:18:08, 21.09.2020] | [vk] >> Creator Started
[23:18:08, 21.09.2020] | [vk] >> Premium Started
[23:18:08, 21.09.2020] | [vk] >> VK Started
[23:20:26, 21.09.2020] | [vk] >> Creator Started
[23:20:26, 21.09.2020] | [vk] >> Premium Started
[23:20:26, 21.09.2020] | [vk] >> VK Started
[23:21:02, 21.09.2020] | [vk] >> Premium Started
[23:21:02, 21.09.2020] | [vk] >> Creator Started
[23:21:02, 21.09.2020] | [vk] >> VK Started
[23:21:38, 21.09.2020] | [vk] >> Creator Started
[23:21:38, 21.09.2020] | [vk] >> VK Started
[23:21:38, 21.09.2020] | [vk] >> Premium Started
[23:22:22, 21.09.2020] | [vk] >> Creator Started
[23:22:22, 21.09.2020] | [vk] >> Premium Started
[23:22:22, 21.09.2020] | [vk] >> VK Started
[23:23:29, 21.09.2020] | [vk] >> Creator Started
[23:23:29, 21.09.2020] | [vk] >> VK Started
[23:23:29, 21.09.2020] | [vk] >> Premium Started
[23:23:48, 21.09.2020] | [vk] >> Creator Started
[23:23:48, 21.09.2020] | [vk] >> Premium Started
[23:23:48, 21.09.2020] | [vk] >> VK Started
[23:42:53, 21.09.2020] | [vk] >> Premium Started
[23:42:53, 21.09.2020] | [vk] >> Creator Started
[23:42:53, 21.09.2020] | [vk] >> VK Started
[23:43:26, 21.09.2020] | [vk] >> Premium Started
[23:43:26, 21.09.2020] | [vk] >> Creator Started
[23:43:26, 21.09.2020] | [vk] >> VK Started
[23:50:37, 21.09.2020] | [vk] >> Premium Started
[23:50:37, 21.09.2020] | [vk] >> Creator Started
[23:50:37, 21.09.2020] | [vk] >> VK Started
[00:50:36, 22.09.2020] | [vk] >> Напоминание о подписке отправлено в беседу
[01:50:36, 22.09.2020] | [vk] >> Напоминание о подписке отправлено в беседу
[02:50:37, 22.09.2020] | [vk] >> Напоминание о подписке отправлено в беседу
[03:50:36, 22.09.2020] | [vk] >> Напоминание о подписке отправлено в беседу
[04:50:36, 22.09.2020] | [vk] >> Напоминание о подписке отправлено в беседу
[05:50:36, 22.09.2020] | [vk] >> Напоминание о подписке отправлено в беседу
[06:50:36, 22.09.2020] | [vk] >> Напоминание о подписке отправлено в беседу
[07:50:36, 22.09.2020] | [vk] >> Напоминание о подписке отправлено в беседу
[08:50:36, 22.09.2020] | [vk] >> Напоминание о подписке отправлено в беседу
[10:37:53, 22.09.2020] | [vk] >> Premium Started
[10:37:53, 22.09.2020] | [vk] >> VK Started
[10:37:54, 22.09.2020] | [vk] >> Creator Started
[11:37:53, 22.09.2020] | [vk] >> Напоминание о подписке отправлено в беседу
[12:37:53, 22.09.2020] | [vk] >> Напоминание о подписке отправлено в беседу
[13:37:53, 22.09.2020] | [vk] >> Напоминание о подписке отправлено в беседу
[14:38:20, 22.09.2020] | [vk] >> Напоминание о подписке отправлено в беседу
[15:37:53, 22.09.2020] | [vk] >> Напоминание о подписке отправлено в беседу
[16:37:53, 22.09.2020] | [vk] >> Напоминание о подписке отправлено в беседу
[17:37:53, 22.09.2020] | [vk] >> Напоминание о подписке отправлено в беседу
[19:37:53, 22.09.2020] | [vk] >> Напоминание о подписке отправлено в беседу
[20:37:53, 22.09.2020] | [vk] >> Напоминание о подписке отправлено в беседу
[21:37:54, 22.09.2020] | [vk] >> Напоминание о подписке отправлено в беседу
[22:37:53, 22.09.2020] | [vk] >> Напоминание о подписке отправлено в беседу
[23:37:53, 22.09.2020] | [vk] >> Напоминание о подписке отправлено в беседу
[00:37:53, 23.09.2020] | [vk] >> Напоминание о подписке отправлено в беседу
[01:04:46, 23.09.2020] | [vk] >> Creator Started
[01:04:46, 23.09.2020] | [vk] >> Premium Started
[01:04:46, 23.09.2020] | [vk] >> VK Started
[02:04:46, 23.09.2020] | [vk] >> Напоминание о подписке отправлено в беседу
[03:04:46, 23.09.2020] | [vk] >> Напоминание о подписке отправлено в беседу
[04:04:46, 23.09.2020] | [vk] >> Напоминание о подписке отправлено в беседу
[05:04:46, 23.09.2020] | [vk] >> Напоминание о подписке отправлено в беседу
[06:04:47, 23.09.2020] | [vk] >> Напоминание о подписке отправлено в беседу
[07:04:46, 23.09.2020] | [vk] >> Напоминание о подписке отправлено в беседу
[08:04:46, 23.09.2020] | [vk] >> Напоминание о подписке отправлено в беседу
[09:04:46, 23.09.2020] | [vk] >> Напоминание о подписке отправлено в беседу
[10:04:46, 23.09.2020] | [vk] >> Напоминание о подписке отправлено в беседу
[11:04:46, 23.09.2020] | [vk] >> Напоминание о подписке отправлено в беседу
[12:04:46, 23.09.2020] | [vk] >> Напоминание о подписке отправлено в беседу
[13:04:46, 23.09.2020] | [vk] >> Напоминание о подписке отправлено в беседу
[14:04:46, 23.09.2020] | [vk] >> Напоминание о подписке отправлено в беседу
[15:04:46, 23.09.2020] | [vk] >> Напоминание о подписке отправлено в беседу
[16:04:46, 23.09.2020] | [vk] >> Напоминание о подписке отправлено в беседу
[17:04:46, 23.09.2020] | [vk] >> Напоминание о подписке отправлено в беседу
[18:04:46, 23.09.2020] | [vk] >> Напоминание о подписке отправлено в беседу
[19:04:46, 23.09.2020] | [vk] >> Напоминание о подписке отправлено в беседу